<?xml version="1.0" encoding="UTF-8"?>
<TestRun id="4ba0e386-f38a-4b6b-90ea-8485ff7f8722" name="Грамма@ГРАММА-ПК 2012-05-29 16:55:45" runUser="Грамма-ПК\Грамма" xmlns="http://microsoft.com/schemas/VisualStudio/TeamTest/2010">
  <TestSettings name="Локальные" id="3a90fc6b-65fa-4d6c-8067-52c732384560">
    <Description>Это - параметры по умолчанию для локального тестового запуска.</Description>
    <Deployment enabled="false" runDeploymentRoot="Грамма_ГРАММА-ПК 2012-05-29 16_55_45">
      <DeploymentItem filename="C:\Users\Грамма\Documents\Visual Studio 2010\Projects\WindowsGraphica_10_03_12\WindowsGraphica_10_03_12\WindowsGraphica\WindowsGraphica\bin\Debug\WindowsGraphica.exe" />
    </Deployment>
    <Execution>
      <TestTypeSpecific />
      <AgentRule name="Execution Agents">
      </AgentRule>
    </Execution>
  </TestSettings>
  <Times creation="2012-05-29T16:55:45.6665412+04:00" queuing="2012-05-29T16:55:47.6376539+04:00" start="2012-05-29T16:55:47.8966687+04:00" finish="2012-05-29T16:58:53.4462816+04:00" />
  <ResultSummary outcome="Error">
    <Counters total="1" executed="1" error="0" failed="0" timeout="0" aborted="1" inconclusive="0" passedButRunAborted="0" notRunnable="0" notExecuted="0" disconnected="0" warning="0" passed="0" completed="0" inProgress="0" pending="0" />
    <RunInfos>
      <RunInfo computerName="ГРАММА-ПК" outcome="Error" timestamp="2012-05-29T16:58:53.4352809+04:00">
        <Text>Неожиданный выход из тестового хост-процесса.</Text>
      </RunInfo>
    </RunInfos>
  </ResultSummary>
  <TestDefinitions>
    <UnitTest name="RaschetTest_digrapg1" storage="c:\users\грамма\documents\visual studio 2010\projects\windowsgraphica_10_03_12\windowsgraphica_10_03_12\windowsgraphica\testwindowsgraphica\bin\debug\testwindowsgraphica.dll" id="a0cf66c4-893d-fa2c-65b9-1bad41ac0061">
      <Execution id="4727b90e-a607-4ff0-816f-63308099032d" />
      <TestMethod codeBase="C:/Users/Грамма/Documents/Visual Studio 2010/Projects/WindowsGraphica_10_03_12/WindowsGraphica_10_03_12/WindowsGraphica/TestWindowsGraphica/bin/Debug/TestWindowsGraphica.DLL" adapterTypeName="Microsoft.VisualStudio.TestTools.TestTypes.Unit.UnitTestAdapter, Microsoft.VisualStudio.QualityTools.Tips.UnitTest.Adapter, Version=10.0.0.0, Culture=neutral, PublicKeyToken=b03f5f7f11d50a3a" className="TestWindowsGraphica.ShemaTest, TestWindowsGraphica, Version=1.0.0.0, Culture=neutral, PublicKeyToken=null" name="RaschetTest_digrapg1" />
    </UnitTest>
  </TestDefinitions>
  <TestLists>
    <TestList name="Отсутствующие в списке результаты" id="8c84fa94-04c1-424b-9868-57a2d4851a1d" />
    <TestList name="Все загруженные результаты" id="19431567-8539-422a-85d7-44ee4e166bda" />
  </TestLists>
  <TestEntries>
    <TestEntry testId="a0cf66c4-893d-fa2c-65b9-1bad41ac0061" executionId="4727b90e-a607-4ff0-816f-63308099032d" testListId="8c84fa94-04c1-424b-9868-57a2d4851a1d" />
  </TestEntries>
  <Results>
    <UnitTestResult executionId="4727b90e-a607-4ff0-816f-63308099032d" testId="a0cf66c4-893d-fa2c-65b9-1bad41ac0061" testName="RaschetTest_digrapg1" computerName="ГРАММА-ПК" duration="00:03:05.3696026" startTime="2012-05-29T16:55:48.0766790+04:00" endTime="2012-05-29T16:58:53.4462816+04:00" testType="13cdc9d9-ddb5-4fa4-a97d-d965ccfc6d4b" outcome="Aborted" testListId="8c84fa94-04c1-424b-9868-57a2d4851a1d" relativeResultsDirectory="4727b90e-a607-4ff0-816f-63308099032d">
    </UnitTestResult>
  </Results>
</TestRun>